0): 
score= 4	 time= 11
idset = <1,2,6,8,>
subgraph: 
SIZE:3
EDGE COUNT:2
Vlabel & ADJ LIST:
0(2)  1(3)  2(4)  
-------------------
0 1 2 1 3
1 2 3 1 4
Support NOT available yet, status:+1

1): 
score= 3	 time= 6
idset = <0,3,9,>
subgraph: 
SIZE:3
EDGE COUNT:2
Vlabel & ADJ LIST:
0(4)  1(1)  2(0)  
-------------------
0 1 4 1 1
0 2 4 1 0
Support NOT available yet, status:+1

2): 
score= 3	 time= 4
idset = <1,5,6,>
subgraph: 
SIZE:3
EDGE COUNT:2
Vlabel & ADJ LIST:
0(0)  1(3)  2(2)  
-------------------
0 1 0 1 3
1 2 3 1 2
Support NOT available yet, status:+1

3): 
score= 3	 time= 1
idset = <4,5,7,>
subgraph: 
SIZE:3
EDGE COUNT:2
Vlabel & ADJ LIST:
0(1)  1(0)  2(2)  
-------------------
0 1 1 1 0
0 2 1 1 2
Support NOT available yet, status:+1

4): 
score= 2	 time= 10
idset = <2,8,>
subgraph: 
SIZE:3
EDGE COUNT:2
Vlabel & ADJ LIST:
0(3)  1(4)  2(1)  
-------------------
0 1 3 1 4
0 2 3 1 1
Support NOT available yet, status:+1

5): 
score= 2	 time= 7
idset = <2,8,>
subgraph: 
SIZE:3
EDGE COUNT:2
Vlabel & ADJ LIST:
0(3)  1(2)  2(1)  
-------------------
0 1 3 1 2
0 2 3 1 1
Support NOT available yet, status:+1

6): 
score= 2	 time= 3
idset = <0,3,>
subgraph: 
SIZE:3
EDGE COUNT:3
Vlabel & ADJ LIST:
0(4)  1(0)  2(1)  
-------------------
0 1 4 1 0
0 2 4 1 1
1 2 0 1 1
Support NOT available yet, status:+1

7): 
score= 2	 time= 2
idset = <5,9,>
subgraph: 
SIZE:3
EDGE COUNT:2
Vlabel & ADJ LIST:
0(2)  1(1)  2(0)  
-------------------
0 1 2 1 1
0 2 2 1 0
Support NOT available yet, status:+1

8): 
score= 1	 time= 9
idset = <8,>
subgraph: 
SIZE:3
EDGE COUNT:3
Vlabel & ADJ LIST:
0(3)  1(2)  2(4)  
-------------------
0 1 3 1 2
0 2 3 1 4
1 2 2 1 4
Support NOT available yet, status:+1

9): 
score= 1	 time= 8
idset = <5,>
subgraph: 
SIZE:3
EDGE COUNT:3
Vlabel & ADJ LIST:
0(0)  1(2)  2(3)  
-------------------
0 1 0 1 2
0 2 0 1 3
1 2 2 1 3
Support NOT available yet, status:+1

